[08:08:36] [ServerMain/INFO]: [bootstrap] Running Java 21 (Java HotSpot(TM) 64-Bit Server VM 21.0.9+7-LTS-338; Oracle Corporation null) on Linux 6.8.0-117-generic (amd64)
[08:08:36] [ServerMain/INFO]: [bootstrap] Loading Paper 1.21.11-132-ver/1.21.11@c5eb079 (2026-05-11T11:43:09Z) for Minecraft 1.21.11
[08:08:38] [ServerMain/INFO]: [PluginInitializerManager] Initializing plugins...
[08:08:39] [ServerMain/INFO]: [PluginInitializerManager] Initialized 1 plugin
[08:08:39] [ServerMain/INFO]: [PluginInitializerManager] Bukkit plugins (1):
 - OneBlock (1.1.3)
[08:08:45] [ServerMain/INFO]: Environment: Environment[sessionHost=https://sessionserver.mojang.com, servicesHost=https://api.minecraftservices.com, profilesHost=https://api.mojang.com, name=PROD]
[08:08:45] [ServerMain/INFO]: Found new data pack file/bukkit, loading it automatically
[08:08:45] [ServerMain/INFO]: Found new data pack paper, loading it automatically
[08:08:46] [ServerMain/INFO]: No existing world data, creating new world
[08:08:47] [ServerMain/INFO]: Loaded 1470 recipes
[08:08:47] [ServerMain/INFO]: Loaded 1584 advancements
[08:08:47] [ServerMain/INFO]: [ca.spottedleaf.dataconverter.minecraft.datatypes.MCTypeRegistry] Initialising converters for DataConverter...
[08:08:48] [ServerMain/INFO]: [ca.spottedleaf.dataconverter.minecraft.datatypes.MCTypeRegistry] Finished initialising converters for DataConverter in 570.0ms
[08:08:48] [Server thread/INFO]: Starting minecraft server version 1.21.11
[08:08:48] [Server thread/WARN]: ****************************
[08:08:48] [Server thread/WARN]: YOU ARE RUNNING THIS SERVER AS AN ADMINISTRATIVE OR ROOT USER. THIS IS NOT ADVISED.
[08:08:48] [Server thread/WARN]: YOU ARE OPENING YOURSELF UP TO POTENTIAL RISKS WHEN DOING THIS.
[08:08:48] [Server thread/WARN]: FOR MORE INFORMATION, SEE https://madelinemiller.dev/blog/root-minecraft-server/
[08:08:48] [Server thread/WARN]: ****************************
[08:08:48] [Server thread/INFO]: Loading properties
[08:08:48] [Server thread/INFO]: This server is running Paper version 1.21.11-132-ver/1.21.11@c5eb079 (2026-05-11T11:43:09Z) (Implementing API version 1.21.11-R0.1-SNAPSHOT)
[08:08:48] [Server thread/INFO]: [spark] This server bundles the spark profiler. For more information please visit https://docs.papermc.io/paper/profiling
[08:08:48] [Server thread/INFO]: Server Ping Player Sample Count: 12
[08:08:48] [Server thread/INFO]: Using 4 threads for Netty based IO
[08:08:50] [Server thread/INFO]: [MoonriseCommon] Paper is using 1 worker threads, 1 I/O threads
[08:08:50] [Server thread/INFO]: Default game type: SURVIVAL
[08:08:50] [Server thread/INFO]: Generating keypair
[08:08:50] [Server thread/INFO]: Starting Minecraft server on *:25570
[08:08:50] [Server thread/INFO]: Paper: Using libdeflate (Linux x86_64) compression from Velocity.
[08:08:50] [Server thread/INFO]: Paper: Using OpenSSL 3.x.x (Linux x86_64) cipher from Velocity.
[08:08:50] [Server thread/INFO]: [SpigotLibraryLoader] [OneBlock] Loading 1 libraries... please wait
[08:08:50] [Server thread/INFO]: [SpigotLibraryLoader] [OneBlock] Loaded library /home/bbzwsorsee/BBZW-M431-Wiki/Servers/libraries/com/zaxxer/HikariCP/7.0.2/HikariCP-7.0.2.jar
[08:08:50] [Server thread/INFO]: [SpigotLibraryLoader] [OneBlock] Loaded library /home/bbzwsorsee/BBZW-M431-Wiki/Servers/libraries/org/slf4j/slf4j-api/2.0.17/slf4j-api-2.0.17.jar
[08:08:50] [Server thread/INFO]: [OneBlock] Loading server plugin OneBlock v1.1.3
[08:08:50] [Server thread/INFO]: Server permissions file permissions.yml is empty, ignoring it
[08:08:50] [Server thread/INFO]: [OneBlock] Enabling OneBlock v1.1.3
[08:08:51] [Server thread/INFO]: [com.zaxxer.hikari.HikariDataSource] HikariPool-1 - Starting...
[08:08:51] [Server thread/INFO]: [com.zaxxer.hikari.pool.HikariPool] HikariPool-1 - Added connection org.sqlite.jdbc4.JDBC4Connection@384de53c
[08:08:51] [Server thread/INFO]: [com.zaxxer.hikari.HikariDataSource] HikariPool-1 - Start completed.
[08:08:51] [Server thread/INFO]: [OneBlock] OneBlock Plugin has been enabled
[08:08:51] [Server thread/WARN]: **** SERVER IS RUNNING IN OFFLINE/INSECURE MODE!
[08:08:51] [Server thread/WARN]: The server will make no attempt to authenticate usernames. Beware.
[08:08:51] [Server thread/WARN]: While this makes the game possible to play without internet access, it also opens up the ability for hackers to connect with any username they choose.
[08:08:51] [Server thread/WARN]: To change this, set "online-mode" to "true" in the server.properties file.
[08:08:51] [Server thread/INFO]: Preparing level "world"
[08:08:51] [Server thread/INFO]: [ca.spottedleaf.moonrise.common.util.MoonriseConstants] NUMA enable flag is not set; however there is NUMA interaction support for this OS.
[08:08:51] [Server thread/INFO]: [ca.spottedleaf.moonrise.common.util.MoonriseConstants] Detected 1 NUMA nodes.
[08:08:51] [Server thread/INFO]: Selecting spawn point for world 'minecraft:overworld'...
[08:09:00] [Server thread/INFO]: Selecting spawn point for world 'minecraft:the_nether'...
[08:09:02] [Server thread/INFO]: Selecting spawn point for world 'minecraft:the_end'...
[08:09:02] [Server thread/INFO]: Loading 0 persistent chunks for world 'minecraft:overworld'...
[08:09:02] [Server thread/INFO]: Preparing spawn area: 100%
[08:09:02] [Server thread/INFO]: Prepared spawn area in 10970 ms
[08:09:02] [Server thread/INFO]: Loading 0 persistent chunks for world 'minecraft:the_nether'...
[08:09:02] [Server thread/INFO]: Preparing spawn area: 100%
[08:09:02] [Server thread/INFO]: Prepared spawn area in 2162 ms
[08:09:02] [Server thread/INFO]: Loading 0 persistent chunks for world 'minecraft:the_end'...
[08:09:02] [Server thread/INFO]: Preparing spawn area: 100%
[08:09:02] [Server thread/INFO]: Prepared spawn area in 372 ms
[08:09:02] [Server thread/INFO]: Done preparing level "world" (11.464s)
[08:09:02] [Server thread/INFO]: [spark] Starting background profiler...
[08:09:03] [Server thread/INFO]: Running delayed init tasks
[08:09:03] [Server thread/INFO]: Done (27.035s)! For help, type "help"
[08:09:03] [Paper Async Task Handler Thread - 1/WARN]: *************************************************************************************
[08:09:03] [Paper Async Task Handler Thread - 1/WARN]: You are running the latest build for your Minecraft version (1.21.11)
[08:09:03] [Paper Async Task Handler Thread - 1/WARN]: However, you are 2 release(s) behind the latest stable release (26.1.2)!
[08:09:03] [Paper Async Task Handler Thread - 1/WARN]: It is recommended that you update as soon as possible
[08:09:03] [Paper Async Task Handler Thread - 1/WARN]: https://papermc.io/downloads/paper
[08:09:03] [Paper Async Task Handler Thread - 1/WARN]: *************************************************************************************
[08:11:43] [Server thread/INFO]: Stopping the server
[08:11:43] [Server thread/INFO]: Stopping server
[08:11:43] [Server thread/INFO]: [OneBlock] Disabling OneBlock v1.1.3
[08:11:43] [Server thread/INFO]: Saving players
[08:11:43] [Server thread/INFO]: Saving worlds
[08:11:43] [Server thread/INFO]: Saving chunks for level 'ServerLevel[world]'/minecraft:overworld
[08:11:43] [Server thread/INFO]: [ChunkHolderManager] Waiting 60s for chunk system to halt for world 'world'
[08:11:43] [Server thread/INFO]: [ChunkHolderManager] Halted chunk system for world 'world'
[08:11:43] [Server thread/INFO]: [ChunkHolderManager] Saving all chunkholders for world 'world'
[08:11:43] [Server thread/INFO]: [ChunkHolderManager] Saved 0 block chunks, 0 entity chunks, 0 poi chunks in world 'world' in 0.00s
[08:11:43] [Server thread/INFO]: [ChunkHolderManager] Waiting 60s for chunk I/O to halt for world 'world'
[08:11:43] [Server thread/INFO]: [ChunkHolderManager] Halted I/O scheduler for world 'world'
[08:11:43] [Server thread/INFO]: Saving chunks for level 'ServerLevel[world_nether]'/minecraft:the_nether
[08:11:43] [Server thread/INFO]: [ChunkHolderManager] Waiting 60s for chunk system to halt for world 'world_nether'
[08:11:43] [Server thread/INFO]: [ChunkHolderManager] Halted chunk system for world 'world_nether'
[08:11:43] [Server thread/INFO]: [ChunkHolderManager] Saving all chunkholders for world 'world_nether'
[08:11:43] [Server thread/INFO]: [ChunkHolderManager] Saved 0 block chunks, 0 entity chunks, 0 poi chunks in world 'world_nether' in 0.00s
[08:11:43] [Server thread/INFO]: [ChunkHolderManager] Waiting 60s for chunk I/O to halt for world 'world_nether'
[08:11:43] [Server thread/INFO]: [ChunkHolderManager] Halted I/O scheduler for world 'world_nether'
[08:11:43] [Server thread/INFO]: Saving chunks for level 'ServerLevel[world_the_end]'/minecraft:the_end
[08:11:43] [Server thread/INFO]: [ChunkHolderManager] Waiting 60s for chunk system to halt for world 'world_the_end'
[08:11:43] [Server thread/INFO]: [ChunkHolderManager] Halted chunk system for world 'world_the_end'
[08:11:43] [Server thread/INFO]: [ChunkHolderManager] Saving all chunkholders for world 'world_the_end'
[08:11:43] [Server thread/INFO]: [ChunkHolderManager] Saved 0 block chunks, 0 entity chunks, 0 poi chunks in world 'world_the_end' in 0.00s
[08:11:43] [Server thread/INFO]: [ChunkHolderManager] Waiting 60s for chunk I/O to halt for world 'world_the_end'
[08:11:43] [Server thread/INFO]: [ChunkHolderManager] Halted I/O scheduler for world 'world_the_end'
[08:11:43] [Server thread/INFO]: ThreadedAnvilChunkStorage (world): All chunks are saved
[08:11:43] [Server thread/INFO]: ThreadedAnvilChunkStorage (DIM-1): All chunks are saved
[08:11:43] [Server thread/INFO]: ThreadedAnvilChunkStorage (DIM1): All chunks are saved
[08:11:43] [Server thread/INFO]: ThreadedAnvilChunkStorage: All dimensions are saved
[08:11:43] [Server thread/INFO]: Waiting for all RegionFile I/O tasks to complete...
[08:11:43] [Server thread/INFO]: All RegionFile I/O tasks to complete
[08:11:43] [Server thread/INFO]: [MoonriseCommon] Awaiting termination of worker pool for up to 60s...
[08:11:43] [Server thread/INFO]: [MoonriseCommon] Awaiting termination of I/O pool for up to 60s...
